<?xml version="1.0" encoding="UTF-8"?>
<!-- Generated by org.testng.reporters.JUnitReportReporter -->
<testsuite hostname="LAPTOP-5VRL3QNF" failures="0" tests="1" name="ActualtestCase.Createorg" time="16.277" errors="0" timestamp="2024-04-30T15:58:15 IST" skipped="0">
  <testcase classname="ActualtestCase.Createorg" name="createorg" time="16.277"/>
  <system-out/>
</testsuite> <!-- ActualtestCase.Createorg -->
