<?xml version="1.0" encoding="UTF-8"?>
<!-- Generated by org.testng.reporters.JUnitReportReporter -->
<testsuite hostname="LAPTOP-5VRL3QNF" failures="0" tests="2" name="group.Disable" time="0.020" errors="0" timestamp="2024-04-20T11:01:41 IST" skipped="0">
  <testcase classname="group.Disable" name="tc1" time="0.018"/>
  <system-out>
    <![CDATA[tc1]]>
  </system-out>
  <testcase classname="group.Disable" name="tc3" time="0.002"/>
  <system-out>
    <![CDATA[tc3]]>
  </system-out>
</testsuite> <!-- group.Disable -->
