<?xml version="1.0" encoding="UTF-8"?>
<!-- Generated by org.testng.reporters.JUnitReportReporter -->
<testsuite hostname="LAPTOP-5VRL3QNF" failures="0" tests="2" name="group.FunctionalSmoke" time="0.023" errors="0" timestamp="2024-04-20T10:44:43 IST" skipped="0">
  <testcase classname="group.FunctionalSmoke" name="verifylogin" time="0.021"/>
  <system-out>
    <![CDATA[functionaltestcases]]>
  </system-out>
  <testcase classname="group.FunctionalSmoke" name="veriflogout" time="0.002"/>
  <system-out>
    <![CDATA[functionaltestcases]]>
  </system-out>
</testsuite> <!-- group.FunctionalSmoke -->
