<?xml version="1.0" encoding="UTF-8"?>
<!-- Generated by org.testng.reporters.JUnitReportReporter -->
<testsuite hostname="LAPTOP-5VRL3QNF" failures="0" tests="1" name="testngprograms.Classa" time="0.020" errors="0" timestamp="2024-04-17T11:58:49 IST" skipped="0">
  <testcase classname="testngprograms.Classa" name="m1" time="0.020"/>
  <system-out>
    <![CDATA[hi bunny]]>
  </system-out>
</testsuite> <!-- testngprograms.Classa -->
